<?xml version="1.0" encoding="UTF-8"?>
<testng-results ignored="0" total="1" passed="1" failed="0" skipped="0">
  <reporter-output>
  </reporter-output>
  <suite started-at="2021-12-22T21:19:26 MST" name="Default suite" finished-at="2021-12-22T21:19:37 MST" duration-ms="10663">
    <groups>
    </groups>
    <test started-at="2021-12-22T21:19:26 MST" name="Default test" finished-at="2021-12-22T21:19:37 MST" duration-ms="10663">
      <class name="PageObjectModelPageFactory.LoginTest">
        <test-method signature="Login()[pri:0, instance:PageObjectModelPageFactory.LoginTest@52e6fdee]" started-at="2021-12-22T21:19:26 MST" name="Login" finished-at="2021-12-22T21:19:36 MST" duration-ms="10406" status="PASS">
          <reporter-output>
          </reporter-output>
        </test-method> <!-- Login -->
        <test-method is-config="true" signature="closure()[pri:0, instance:PageObjectModelPageFactory.LoginTest@52e6fdee]" started-at="2021-12-22T21:19:36 MST" name="closure" finished-at="2021-12-22T21:19:37 MST" duration-ms="180" status="PASS">
          <reporter-output>
          </reporter-output>
        </test-method> <!-- closure -->
      </class> <!-- PageObjectModelPageFactory.LoginTest -->
    </test> <!-- Default test -->
  </suite> <!-- Default suite -->
</testng-results>
